
Processing BiESAT.cxx("16.0pc_20x20x15cm_bi-6cm",2)...
Looking in ==> ./DBtemp/ for config file ==> 16.0pc_20x20x15cm_bi-6cm.conf


 ===>  16.0pc_20x20x15cm_bi-6cm

	+++++++++++++++++++++++++++++++++++++++++++ 
	  USING FIT MODE  ==>  hi-resolution 
	  USING FIT MODE  ==>  thick scint 
	+++++++++++++++++++++++++++++++++++++++++++ 
	  Preliminary Calib    ==>  1.03041
	  Assumed Energy Loss  ==>  17
	+++++++++++++++++++++++++++++++++++++++++++ 



	 NO PEDESTAL FILE FOUND ==> using a vaule = 0


	 bins = 4000  hmin = 0  hmax = 4000
	 nbins = 4000  nhmin = 0  nhmax = 4000

	 bins = 4000  hmin = 0  hmax = 4000
	 nbins = 4000  nhmin = 0  nhmax = 4000


	++++++++++++++++++++++++++++++++++++++++++++++++++++++++++++++
	 looking for BETA max bin between 350 - 453 bins 
	 looking for BETA 500keV compton between 341 - 402 bins 
	 looking for GAMMA max bin between 350 - 453 bins 
	 looking for GAMMA 500keV compton between 359 - 420 bins 
	++++++++++++++++++++++++++++++++++++++++++++++++++++++++++++++


	 SHIFTING --> MCgamma --> 1.89473 bins


===========================================================
Normalizing the Gamma and Beta histograms...

	 Integrate Gamma between  ==>  618.247 - 721.288
	 equals bin numbers       ==>  310 - 361
	 Area under gamma hist    ==>  72502

	 Integrate Beta between   ==>  618.247 - 721.288
	 equals bin numbers       ==>  310 - 361
	 Area under beta hist     ==>  76126

	 Gamma scale factor       ==>  1.04998 

===========================================================



	++++++++++++++++++++++++++++++++++++++++++++++++++++++++++++++
	 looking for 500keV compton between 370.948 - 432.773 bins 
	 looking for 500keV multi-compton between 412.165 - 556.422 bins 
	 looking for 1000keV compton between 721.288 - 1133.45 bins 
	 looking for 1000keV multi-compton between 803.721 - 875.85 bins 
	++++++++++++++++++++++++++++++++++++++++++++++++++++++++++++++




	==============================================================
	 Fitting the Gamma spectra for the 1-th time
	 Looking for the gamma ==> 803.721 - 947.979
	 Looking for the multi-comp bump ==> 886.154 - 1051.02
	==============================================================


 FCN=501.198 FROM MIGRAD    STATUS=CALL LIMIT   6646 CALLS        6647 TOTAL
                     EDM=0.484263    STRATEGY= 1  ERROR MATRIX UNCERTAINTY  17.9 per cent
  EXT PARAMETER                APPROXIMATE        STEP         FIRST   
  NO.   NAME      VALUE            ERROR          SIZE      DERIVATIVE 
   1  exp0         2.37619e+02   1.13154e+01   7.48148e-04   1.00628e+03
   2  exp1         6.67044e-04   3.79301e-05   2.48609e-04  -1.56578e+03
   3  Cn500        1.73490e+02   8.19516e+00   8.77288e-03  -3.04556e+02
   4  Ce500        4.00723e+02   2.68333e+00   1.78563e-02  -2.00855e+01
   5  Cs500        3.11358e+01   1.08182e+00  -7.77356e-03   1.92619e+01
   6  Css500       7.61612e-03   2.16683e-04  -8.98905e-03  -3.26257e+02
   7  CGn500       5.41688e+00   4.11280e-01  -1.69892e-04  -7.74431e+02
   8  CGe500       4.70081e+02   3.05788e+00  -9.62194e-04  -7.32622e+00
   9  CGs500       5.61519e+01   1.30288e+00  -2.43866e-03  -3.12717e+01
  10  Cn1000       2.33890e+02   8.24674e+00   2.91448e-03   9.52605e+01
  11  Ce1000       8.56045e+02   4.67096e+00   3.72599e-03   5.90104e+00
  12  Cs1000       3.42454e+01   2.65592e+00  -8.01688e-03  -1.26842e+00
  13  Css1000      8.30486e-05   5.57201e-05  -1.65015e-02   1.16422e+01
  14  CGn1000      3.21564e+00   1.42810e-01  -1.47580e-04   1.76916e+03
  15  CGe1000      8.94548e+02   1.80870e+00   4.31675e-03   1.41415e+01
  16  CGs1000      1.00721e+02   1.29950e+00  -7.31174e-04   2.14687e+02
  17  Gn482        0.00000e+00     fixed    
  18  Ge482        1.00000e-02     fixed    
  19  Gs482        1.00000e-02     fixed    
  20  Gc482        1.00000e-02     fixed    
  21  Gn976        0.00000e+00     fixed    
  22  Ge976        1.00000e-02     fixed    
  23  Gs976        1.00000e-02     fixed    
  24  Gc976        1.00000e-02     fixed    
  25  offset       1.64883e+01   7.40178e-01  -2.68377e-03   4.08610e+01


++++++++++ COMPTON FIT RESULTS +++++++++++++
	 N500         = 173.49
	 N1000        = 233.89
	 cedge500     = 400.723
	 cedge1000    = 856.045
	 csigma500    = 31.1358
	 csigma1000   = 34.2454
	 c2sigma500   = 0.00761612
	 c2sigma1000  = 8.30486e-05
	 Nratio500    = 5.41688
	 gausmean500  = 470.081
	 gaussig500   = 56.1519
	 Nratio1000   = 3.21564
	 gausmean1000 = 894.548
	 gaussig1000  = 100.721
	 Calib        = 0.968283

++++++++++ ESTIMATED PARAMETERS ++++++++++++
	 Ek976        = 928.583
	 s976         = 59.2713
	 Ek482        = 450.251
	 s482         = 28.7395


 FCN=719.477 FROM MIGRAD    STATUS=CONVERGED    2352 CALLS        2353 TOTAL
                     EDM=6.35415e-09    STRATEGY= 1      ERROR MATRIX ACCURATE 
  EXT PARAMETER                                   STEP         FIRST   
  NO.   NAME      VALUE            ERROR          SIZE      DERIVATIVE 
   1  exp0         2.58311e-12   7.64851e+00   2.29183e-04** at limit **
   2  exp1         6.67044e-04     fixed    
   3  Cn500        1.57820e+02   3.23524e+00   4.13451e-06  -1.80570e-01
   4  Ce500        4.00723e+02     fixed    
   5  Cs500        3.11358e+01     fixed    
   6  Css500       7.61612e-03     fixed    
   7  CGn500       6.20518e+00   2.78475e-01   7.42591e-04  -1.07706e-03
   8  CGe500       4.70081e+02     fixed    
   9  CGs500       5.61519e+01     fixed    
  10  Cn1000       2.33890e+02     fixed    
  11  Ce1000       8.56045e+02     fixed    
  12  Cs1000       3.42454e+01     fixed    
  13  Css1000      8.30486e-05     fixed    
  14  CGn1000      3.21564e+00     fixed    
  15  CGe1000      8.94548e+02     fixed    
  16  CGs1000      1.00721e+02     fixed    
  17  Gn482        1.25850e+02   2.45779e+01   3.04097e-06  -2.92624e-01
  18  Ge482        4.28706e+02   1.42983e+01   1.20172e-03  -2.40991e-04
  19  Gs482        8.62184e+01   6.89792e+01   2.32193e-02** at limit **
  20  Gc482        1.19094e+00   4.78792e-01   1.55903e-03   8.31322e-05
  21  Gn976        9.47220e+01   1.17988e+00   7.46094e-07  -3.40356e+00
  22  Ge976        9.51822e+02   2.36445e-02   4.09630e-04** at limit **
  23  Gs976        6.91048e+01   1.25974e+00   6.37756e-05  -3.39351e-03
  24  Gc976        1.32036e+00   2.68096e-02   3.39611e-04   1.39599e-03
  25  offset       1.41541e+02   8.11496e+00   8.77238e-05  -8.61939e-03


 ROUGH FIT 1
======================================================================
16.0pc_20x20x15cm_bi-6cm
	 Pedestal      = 
	 Beta File     = MCbeta
	 Gamma File    = MCgamma

 Energy Calibration from Ek976-Ek482 = 1.01434 keV/ch
	 Calib 976-482 = 0.985865
	 Calib 482 keV = 0.985865 +/- 0.478792
	 Calib 976 keV = 0.985865 +/- 0.0268096

 976keV peak fit 
	 976keV Mean   = 951.822 +/- 0.0236445 = 965.469 keV
	 976keV Sigma  = 69.1048 +/- 1.25974 = 70.0956 keV
	 FWHM @ 976keV = 17.0907 +/- 0.311552 % 
	 FWHM @ 1MeV   = 16.793 +/- 0.306126 % 

 482keV peak fit 
	 482keV Mean   = 428.706 +/- 14.2983 = 434.853 keV
	 482keV Sigma  = 86.2184 +/- 68.9792 = 87.4546 keV
	 FWHM @ 482keV = 47.342 +/- 37.8761 % 
	 FWHM @ 1MeV   = 31.2189 +/- 24.9768 % 

 976keV Scint Quench and Pedestal Sigma Contribution 
	 Scint Quench  = 0 bins = 0 keV
	 New 976 Mean  = 951.822 bins = 965.469 keV
	 New 976 Sigma = 69.1048 bins = 70.0956 keV
	 FWHM @ 976keV = 17.0907 +/- 0.311552 % 
	 FWHM @ 1MeV   = 16.793 +/- 0.306126 % 

 482keV Scint Quench and Pedestal Sigma Contribution 
	 Scint Quench  = 0 bins = 0 keV
	 New 482 Mean  = 428.706 bins = 434.853 keV
	 New 482 Sigma = 86.2184 bins = 87.4546 keV
	 FWHM @ 482keV = 47.342 +/- 37.8761 % 
	 FWHM @ 1MeV   = 31.2189 +/- 24.9768 % 

 FIT RESULTS, chi2/ndf = 719.477 / 434 = 1.65778
======================================================================


 FCN=506.459 FROM MIGRAD    STATUS=CONVERGED     198 CALLS         199 TOTAL
                     EDM=1.88476e-10    STRATEGY= 1      ERROR MATRIX ACCURATE 
  EXT PARAMETER                                   STEP         FIRST   
  NO.   NAME      VALUE            ERROR          SIZE      DERIVATIVE 
   1  exp0         2.58311e-12     fixed    
   2  exp1         6.67044e-04     fixed    
   3  Cn500        1.57820e+02     fixed    
   4  Ce500        4.00723e+02     fixed    
   5  Cs500        3.11358e+01     fixed    
   6  Css500       7.61612e-03     fixed    
   7  CGn500       6.20518e+00     fixed    
   8  CGe500       4.70081e+02     fixed    
   9  CGs500       5.61519e+01     fixed    
  10  Cn1000       2.33890e+02     fixed    
  11  Ce1000       8.56045e+02     fixed    
  12  Cs1000       3.42454e+01     fixed    
  13  Css1000      8.30486e-05     fixed    
  14  CGn1000      3.21564e+00     fixed    
  15  CGe1000      8.94548e+02     fixed    
  16  CGs1000      1.00721e+02     fixed    
  17  Gn482        1.21675e+02   3.59449e+00   2.51469e-06   7.15434e-03
  18  Ge482        4.32860e+02   2.77918e+00   3.20219e-04  -9.78525e-05
  19  Gs482        8.92349e+01   2.82271e+00   8.00838e-04   9.92885e-05
  20  Gc482        9.85865e-01     fixed    
  21  Gn976        8.84979e+01   6.84076e-01   7.46193e-07  -6.63271e-01
  22  Ge976        9.63346e+02   5.69588e-01   3.03179e-05  -1.19812e-03
  23  Gs976        7.27851e+01   5.72237e-01   2.10648e-04  -8.04009e-04
  24  Gc976        9.85865e-01     fixed    
  25  offset       1.41541e+02     fixed    


 ROUGH FIT 2
======================================================================
16.0pc_20x20x15cm_bi-6cm
	 Pedestal      = 
	 Beta File     = MCbeta
	 Gamma File    = MCgamma

 Energy Calibration from Ek976-Ek482 = 0.993562 keV/ch
	 Calib 976-482 = 1.00648
	 Calib 482 keV = 1.00648 +/- 0
	 Calib 976 keV = 1.00648 +/- 0

 976keV peak fit 
	 976keV Mean   = 963.346 +/- 0.569588 = 957.143 keV
	 976keV Sigma  = 72.7851 +/- 0.572237 = 72.3165 keV
	 FWHM @ 976keV = 17.7855 +/- 0.13983 % 
	 FWHM @ 1MeV   = 17.4002 +/- 0.136801 % 

 482keV peak fit 
	 482keV Mean   = 432.86 +/- 2.77918 = 430.073 keV
	 482keV Sigma  = 89.2349 +/- 2.82271 = 88.6603 keV
	 FWHM @ 482keV = 48.5281 +/- 1.53506 % 
	 FWHM @ 1MeV   = 31.8247 +/- 1.00669 % 

 976keV Scint Quench and Pedestal Sigma Contribution 
	 Scint Quench  = 1.86854 bins = 1.85651 keV
	 New 976 Mean  = 965.214 bins = 959 keV
	 New 976 Sigma = 72.7851 bins = 72.3165 keV
	 FWHM @ 976keV = 17.7511 +/- 0.139559 % 
	 FWHM @ 1MeV   = 17.3834 +/- 0.136668 % 

 482keV Scint Quench and Pedestal Sigma Contribution 
	 Scint Quench  = 1.86854 bins = 1.85651 keV
	 New 482 Mean  = 434.728 bins = 431.929 keV
	 New 482 Sigma = 89.2349 bins = 88.6603 keV
	 FWHM @ 482keV = 48.3196 +/- 1.52846 % 
	 FWHM @ 1MeV   = 31.7563 +/- 1.00453 % 

 FIT RESULTS, chi2/ndf = 506.459 / 448 = 1.13049
======================================================================


 FCN=530.95 FROM MIGRAD    STATUS=CONVERGED     178 CALLS         179 TOTAL
                     EDM=1.38397e-10    STRATEGY= 1      ERROR MATRIX ACCURATE 
  EXT PARAMETER                                   STEP         FIRST   
  NO.   NAME      VALUE            ERROR          SIZE      DERIVATIVE 
   1  exp0         2.58311e-12     fixed    
   2  exp1         6.67044e-04     fixed    
   3  Cn500        1.57820e+02     fixed    
   4  Ce500        4.00723e+02     fixed    
   5  Cs500        3.11358e+01     fixed    
   6  Css500       7.61612e-03     fixed    
   7  CGn500       6.20518e+00     fixed    
   8  CGe500       4.70081e+02     fixed    
   9  CGs500       5.61519e+01     fixed    
  10  Cn1000       2.33890e+02     fixed    
  11  Ce1000       8.56045e+02     fixed    
  12  Cs1000       3.42454e+01     fixed    
  13  Css1000      8.30486e-05     fixed    
  14  CGn1000      3.21564e+00     fixed    
  15  CGe1000      8.94548e+02     fixed    
  16  CGs1000      1.00721e+02     fixed    
  17  Gn482        1.22232e+02   3.63589e+00   2.58248e-06  -4.30456e-02
  18  Ge482        4.32738e+02   2.78660e+00   3.24371e-04  -5.02595e-05
  19  Gs482        8.86029e+01   2.83640e+00   1.17671e-03  -5.23177e-05
  20  Gc482        1.00648e+00     fixed    
  21  Gn976        8.85238e+01   6.84444e-01   7.46193e-07  -6.08854e-01
  22  Ge976        9.63128e+02   5.70668e-01   3.05392e-05   4.75569e-04
  23  Gs976        7.28966e+01   5.68760e-01   2.88615e-04  -3.69335e-05
  24  Gc976        1.00648e+00     fixed    
  25  offset       1.41541e+02     fixed    


 FINAL FIT RESULTS
======================================================================
16.0pc_20x20x15cm_bi-6cm
	 Pedestal      = 
	 Beta File     = MCbeta
	 Gamma File    = MCgamma

 Energy Calibration from Ek976-Ek482 = 0.993947 keV/ch
	 Calib 976-482 = 1.00609
	 Calib 482 keV = 1.00609 +/- 0
	 Calib 976 keV = 1.00609 +/- 0

 976keV peak fit 
	 976keV Mean   = 963.128 +/- 0.570668 = 957.298 keV
	 976keV Sigma  = 72.8966 +/- 0.56876 = 72.4553 keV
	 FWHM @ 976keV = 17.8168 +/- 0.139012 % 
	 FWHM @ 1MeV   = 17.4322 +/- 0.136011 % 

 482keV peak fit 
	 482keV Mean   = 432.738 +/- 2.7866 = 430.119 keV
	 482keV Sigma  = 88.6029 +/- 2.8364 = 88.0665 keV
	 FWHM @ 482keV = 48.198 +/- 1.54294 % 
	 FWHM @ 1MeV   = 31.6099 +/- 1.01191 % 

 976keV Scint Quench and Pedestal Sigma Contribution 
	 Scint Quench  = 1.71255 bins = 1.70218 keV
	 New 976 Mean  = 964.84 bins = 959 keV
	 New 976 Sigma = 72.8966 bins = 72.4553 keV
	 FWHM @ 976keV = 17.7852 +/- 0.138765 % 
	 FWHM @ 1MeV   = 17.4168 +/- 0.135891 % 

 482keV Scint Quench and Pedestal Sigma Contribution 
	 Scint Quench  = 1.71255 bins = 1.70218 keV
	 New 482 Mean  = 434.451 bins = 431.821 keV
	 New 482 Sigma = 88.6029 bins = 88.0665 keV
	 FWHM @ 482keV = 48.008 +/- 1.53686 % 
	 FWHM @ 1MeV   = 31.5476 +/- 1.00992 % 

 FIT RESULTS, chi2/ndf = 530.95 / 458 = 1.15928
======================================================================



-------------------------------------------------------------------------------------
USAGE ==> quickfit_976kev.cxx (hist_ptr, fit_min, fit_mid, fit_max, rebin, plot name)
-------------------------------------------------------------------------------------

 FCN=551.893 FROM MIGRAD    STATUS=CONVERGED      82 CALLS          83 TOTAL
                     EDM=2.01772e-09    STRATEGY= 1      ERROR MATRIX ACCURATE 
  EXT PARAMETER                                   STEP         FIRST   
  NO.   NAME      VALUE            ERROR          SIZE      DERIVATIVE 
   1  Constant     1.48297e+03   7.39805e+00   6.38142e-02  -6.16444e-07
   2  Mean         9.81866e+02   4.31977e-01   4.30846e-03   1.63785e-04
   3  Sigma        8.46416e+01   4.25549e-01   1.43424e-05   1.37101e-02
 FCN=121.757 FROM MIGRAD    STATUS=CONVERGED      74 CALLS          75 TOTAL
                     EDM=3.71346e-10    STRATEGY= 1  ERROR MATRIX UNCERTAINTY   1.9 per cent
  EXT PARAMETER                                   STEP         FIRST   
  NO.   NAME      VALUE            ERROR          SIZE      DERIVATIVE 
   1  Constant     1.54936e+03   9.42611e+00  -1.66188e-03  -3.33641e-06
   2  Mean         9.80901e+02   5.58934e-01  -1.72979e-04  -3.14174e-05
   3  Sigma        7.73734e+01   9.66281e-01  -2.30507e-05   8.72674e-05
 MINUIT WARNING IN PARAM DEF
 ============== LIMITS ON PARAM1 TOO FAR APART.
 FCN=416.062 FROM MIGRAD    STATUS=CONVERGED     145 CALLS         146 TOTAL
                     EDM=1.08194e-08    STRATEGY= 1      ERROR MATRIX ACCURATE 
  EXT PARAMETER                                   STEP         FIRST   
  NO.   NAME      VALUE            ERROR          SIZE      DERIVATIVE 
   1  Gn976        1.76161e+02   1.03224e+00   7.47752e-07  -1.53624e+01
   2  Ge976        9.64648e+02   4.14614e-01   2.62063e-06  -1.70678e-01
   3  Gs976        7.38594e+01   4.60919e-01   1.54351e-05   3.09859e-03
   4  Gc976        1.05587e+00     fixed    


	 Resolution    =  17.993 % 
    	 Res @ 1MeV    =  17.1983 % 
	 976keV Energy =  913.607 keV 
	 Energy Loss   =  17 keV 


-----------------------------------------------------------------------------------
USAGE ==> quickfit_landau_976.cxx (hist_ptr, Ge976, Gs976, Eloss, rebin, plot name)
-----------------------------------------------------------------------------------
 FCN=14794.9 FROM MIGRAD    STATUS=CONVERGED     498 CALLS         499 TOTAL
                     EDM=1.25401e-09    STRATEGY= 1      ERR MATRIX NOT POS-DEF
  EXT PARAMETER                APPROXIMATE        STEP         FIRST   
  NO.   NAME      VALUE            ERROR          SIZE      DERIVATIVE 
   1  Gn976        2.08055e+02   1.09581e-03   1.02016e-06   3.44897e+01
   2  Ge976        9.74247e+02   3.50114e-04   3.08807e-05  -8.54928e-01
   3  Gs976        5.69013e+01   1.57196e-04   2.03813e-04  -1.68873e+00
   4  Gc976        1.03674e+00     fixed    
   5  Ln976        2.61899e+01   6.11447e+04   2.93460e-01  -2.60206e-04
   6  Eloss        1.70000e+01     fixed    
   7  Ls976        1.53180e-03   1.85871e-02   4.50194e-02   6.12638e-04
   8  offset       6.16513e-06   4.42273e-06   3.38257e-03** at limit **


	 Resolution    =  13.7253 % 
    	 Res @ 1MeV    =  13.3052 % 
	 976keV Energy =  939.725 keV 
	 Energy Loss   =  17 keV 


(Int_t)0
