
Processing BiESAT.cxx("12.0pc_20x20x15cm_bi-6cm",2)...
Looking in ==> ./DBtemp/ for config file ==> 12.0pc_20x20x15cm_bi-6cm.conf


 ===>  12.0pc_20x20x15cm_bi-6cm

	+++++++++++++++++++++++++++++++++++++++++++ 
	  USING FIT MODE  ==>  hi-resolution 
	  USING FIT MODE  ==>  thick scint 
	+++++++++++++++++++++++++++++++++++++++++++ 
	  Preliminary Calib    ==>  1.03041
	  Assumed Energy Loss  ==>  17
	+++++++++++++++++++++++++++++++++++++++++++ 



	 NO PEDESTAL FILE FOUND ==> using a vaule = 0


	 bins = 4000  hmin = 0  hmax = 4000
	 nbins = 4000  nhmin = 0  nhmax = 4000

	 bins = 4000  hmin = 0  hmax = 4000
	 nbins = 4000  nhmin = 0  nhmax = 4000


	++++++++++++++++++++++++++++++++++++++++++++++++++++++++++++++
	 looking for BETA max bin between 350 - 453 bins 
	 looking for BETA 500keV compton between 359 - 420 bins 
	 looking for GAMMA max bin between 350 - 453 bins 
	 looking for GAMMA 500keV compton between 353 - 414 bins 
	++++++++++++++++++++++++++++++++++++++++++++++++++++++++++++++


	 SHIFTING --> MCgamma --> -3.39942 bins


===========================================================
Normalizing the Gamma and Beta histograms...

	 Integrate Gamma between  ==>  618.247 - 721.288
	 equals bin numbers       ==>  310 - 361
	 Area under gamma hist    ==>  68040

	 Integrate Beta between   ==>  618.247 - 721.288
	 equals bin numbers       ==>  310 - 361
	 Area under beta hist     ==>  72472

	 Gamma scale factor       ==>  1.06514 

===========================================================



	++++++++++++++++++++++++++++++++++++++++++++++++++++++++++++++
	 looking for 500keV compton between 370.948 - 432.773 bins 
	 looking for 500keV multi-compton between 412.165 - 556.422 bins 
	 looking for 1000keV compton between 721.288 - 1133.45 bins 
	 looking for 1000keV multi-compton between 803.721 - 875.85 bins 
	++++++++++++++++++++++++++++++++++++++++++++++++++++++++++++++




	==============================================================
	 Fitting the Gamma spectra for the 1-th time
	 Looking for the gamma ==> 803.721 - 947.979
	 Looking for the multi-comp bump ==> 886.154 - 1051.02
	==============================================================


 FCN=502.648 FROM MIGRAD    STATUS=CALL LIMIT   6643 CALLS        6644 TOTAL
                     EDM=0.213727    STRATEGY= 1  ERROR MATRIX UNCERTAINTY  13.7 per cent
  EXT PARAMETER                APPROXIMATE        STEP         FIRST   
  NO.   NAME      VALUE            ERROR          SIZE      DERIVATIVE 
   1  exp0         6.07427e+02   4.01629e+01   1.15435e-03   2.56186e+02
   2  exp1         1.64304e-03   1.52832e-04   8.13996e-04  -5.12837e+02
   3  Cn500        4.54893e+02   4.88777e+01   1.86941e-02   1.05690e+01
   4  Ce500        4.05878e+02   1.04890e+00  -4.06622e-04  -1.54371e+01
   5  Cs500        1.89958e+01   9.33320e-01  -3.77730e-03  -4.20591e+01
   6  Css500       3.40730e-03   5.68025e-04  -1.50062e-02   1.18011e+02
   7  CGn500       4.24403e+00   3.73318e-01  -3.82078e-04  -2.83109e+03
   8  CGe500       4.46491e+02   2.30089e+00  -7.38791e-03  -1.53572e+01
   9  CGs500       6.59466e+01   1.15931e+00   4.89109e-03   1.12126e+01
  10  Cn1000       2.25736e+01   3.33963e+00  -3.47783e-03   5.35575e+02
  11  Ce1000       8.59091e+02   2.41912e+00   2.98611e-03   2.36841e+01
  12  Cs1000       2.80027e+01   1.22596e+00  -1.12655e-03  -1.16859e+01
  13  Css1000      4.31995e-03   2.23547e-04   6.75314e-03   1.85821e+02
  14  CGn1000      3.14528e+01   3.90302e+00   1.16524e-03   6.37261e+02
  15  CGe1000      9.24116e+02   2.71615e+00   5.14884e-03  -2.09673e+00
  16  CGs1000      7.92948e+01   1.05405e+00  -6.32535e-04   1.57035e+02
  17  Gn482        0.00000e+00     fixed    
  18  Ge482        1.00000e-02     fixed    
  19  Gs482        1.00000e-02     fixed    
  20  Gc482        1.00000e-02     fixed    
  21  Gn976        0.00000e+00     fixed    
  22  Ge976        1.00000e-02     fixed    
  23  Gs976        1.00000e-02     fixed    
  24  Gc976        1.00000e-02     fixed    
  25  offset       4.21341e+01   1.04355e+01   1.39110e-02   1.12642e+01


++++++++++ COMPTON FIT RESULTS +++++++++++++
	 N500         = 454.893
	 N1000        = 22.5736
	 cedge500     = 405.878
	 cedge1000    = 859.091
	 csigma500    = 18.9958
	 csigma1000   = 28.0027
	 c2sigma500   = 0.0034073
	 c2sigma1000  = 0.00431995
	 Nratio500    = 4.24403
	 gausmean500  = 446.491
	 gaussig500   = 65.9466
	 Nratio1000   = 31.4528
	 gausmean1000 = 924.116
	 gaussig1000  = 79.2948
	 Calib        = 1.01615

++++++++++ ESTIMATED PARAMETERS ++++++++++++
	 Ek976        = 974.49
	 s976         = 62.2015
	 Ek482        = 472.511
	 s482         = 30.1603


 FCN=438.55 FROM MIGRAD    STATUS=CONVERGED     956 CALLS         957 TOTAL
                     EDM=3.84578e-09    STRATEGY= 1  ERROR MATRIX UNCERTAINTY   1.6 per cent
  EXT PARAMETER                                   STEP         FIRST   
  NO.   NAME      VALUE            ERROR          SIZE      DERIVATIVE 
   1  exp0         2.78992e+02   2.93598e+01   1.04306e-06   4.98629e-02
   2  exp1         1.64304e-03     fixed    
   3  Cn500        4.49305e+02   3.97965e+00  -2.36052e-07   8.18784e-02
   4  Ce500        4.05878e+02     fixed    
   5  Cs500        1.89958e+01     fixed    
   6  Css500       3.40730e-03     fixed    
   7  CGn500       4.28693e+00   7.08130e-02   6.33869e-06   1.86114e-03
   8  CGe500       4.46491e+02     fixed    
   9  CGs500       6.59466e+01     fixed    
  10  Cn1000       2.25736e+01     fixed    
  11  Ce1000       8.59091e+02     fixed    
  12  Cs1000       2.80027e+01     fixed    
  13  Css1000      4.31995e-03     fixed    
  14  CGn1000      3.14528e+01     fixed    
  15  CGe1000      9.24116e+02     fixed    
  16  CGs1000      7.92948e+01     fixed    
  17  Gn482        9.00370e+01   1.37424e+01  -5.22723e-08   5.49767e-02
  18  Ge482        4.77079e+02   4.41100e+00  -2.34036e-05   6.32405e-05
  19  Gs482        3.72368e+01   2.98767e+00  -1.84237e-05  -2.36711e-04
  20  Gc482        1.49305e+00   1.18771e-01  -3.31648e-07   4.21528e-04
  21  Gn976        1.06189e+02   1.72795e+00  -8.51767e-09   2.86305e+00
  22  Ge976        9.64177e+02   6.74119e-01   2.55845e-06   4.51795e-03
  23  Gs976        5.36321e+01   9.30316e-01   2.58869e-06   1.17158e-02
  24  Gc976        9.02429e-01   3.87528e-02  -1.67676e-05   1.33862e-03
  25  offset       1.33777e+02   5.95765e+00  -3.10341e-06   8.88638e-03


 ROUGH FIT 1
======================================================================
12.0pc_20x20x15cm_bi-6cm
	 Pedestal      = 
	 Beta File     = MCbeta
	 Gamma File    = MCgamma

 Energy Calibration from Ek976-Ek482 = 1.00126 keV/ch
	 Calib 976-482 = 0.998745
	 Calib 482 keV = 0.998745 +/- 0.118771
	 Calib 976 keV = 0.998745 +/- 0.0387528

 976keV peak fit 
	 976keV Mean   = 964.177 +/- 0.674119 = 965.388 keV
	 976keV Sigma  = 53.6321 +/- 0.930316 = 53.6995 keV
	 FWHM @ 976keV = 13.0941 +/- 0.227133 % 
	 FWHM @ 1MeV   = 12.8655 +/- 0.223168 % 

 482keV peak fit 
	 482keV Mean   = 477.079 +/- 4.411 = 477.679 keV
	 482keV Sigma  = 37.2368 +/- 2.98767 = 37.2836 keV
	 FWHM @ 482keV = 18.3734 +/- 1.47417 % 
	 FWHM @ 1MeV   = 12.6986 +/- 1.01886 % 

 976keV Scint Quench and Pedestal Sigma Contribution 
	 Scint Quench  = 0 bins = 0 keV
	 New 976 Mean  = 964.177 bins = 965.388 keV
	 New 976 Sigma = 53.6321 bins = 53.6995 keV
	 FWHM @ 976keV = 13.0941 +/- 0.227133 % 
	 FWHM @ 1MeV   = 12.8655 +/- 0.223168 % 

 482keV Scint Quench and Pedestal Sigma Contribution 
	 Scint Quench  = 0 bins = 0 keV
	 New 482 Mean  = 477.079 bins = 477.679 keV
	 New 482 Sigma = 37.2368 bins = 37.2836 keV
	 FWHM @ 482keV = 18.3734 +/- 1.47417 % 
	 FWHM @ 1MeV   = 12.6986 +/- 1.01886 % 

 FIT RESULTS, chi2/ndf = 438.55 / 456 = 0.961733
======================================================================


 FCN=467.871 FROM MIGRAD    STATUS=CONVERGED     213 CALLS         214 TOTAL
                     EDM=1.68172e-09    STRATEGY= 1      ERROR MATRIX ACCURATE 
  EXT PARAMETER                                   STEP         FIRST   
  NO.   NAME      VALUE            ERROR          SIZE      DERIVATIVE 
   1  exp0         2.78992e+02     fixed    
   2  exp1         1.64304e-03     fixed    
   3  Cn500        4.49305e+02     fixed    
   4  Ce500        4.05878e+02     fixed    
   5  Cs500        1.89958e+01     fixed    
   6  Css500       3.40730e-03     fixed    
   7  CGn500       4.28693e+00     fixed    
   8  CGe500       4.46491e+02     fixed    
   9  CGs500       6.59466e+01     fixed    
  10  Cn1000       2.25736e+01     fixed    
  11  Ce1000       8.59091e+02     fixed    
  12  Cs1000       2.80027e+01     fixed    
  13  Css1000      4.31995e-03     fixed    
  14  CGn1000      3.14528e+01     fixed    
  15  CGe1000      9.24116e+02     fixed    
  16  CGs1000      7.92948e+01     fixed    
  17  Gn482        7.96733e+01   9.20608e+00   4.64173e-06   2.38577e-02
  18  Ge482        4.77492e+02   3.60710e+00   3.76705e-04   5.18785e-04
  19  Gs482        3.98515e+01   4.99791e+00   2.36872e-03   1.41623e-04
  20  Gc482        9.98745e-01     fixed    
  21  Gn976        1.10213e+02   9.76092e-01   7.45862e-07   1.82594e-01
  22  Ge976        9.62914e+02   4.56515e-01   2.36209e-05   5.08130e-04
  23  Gs976        5.15280e+01   4.64827e-01   1.71768e-04  -6.24261e-05
  24  Gc976        9.98745e-01     fixed    
  25  offset       1.33777e+02     fixed    


 ROUGH FIT 2
======================================================================
12.0pc_20x20x15cm_bi-6cm
	 Pedestal      = 
	 Beta File     = MCbeta
	 Gamma File    = MCgamma

 Energy Calibration from Ek976-Ek482 = 1.00353 keV/ch
	 Calib 976-482 = 0.996486
	 Calib 482 keV = 0.996486 +/- 0
	 Calib 976 keV = 0.996486 +/- 0

 976keV peak fit 
	 976keV Mean   = 962.914 +/- 0.456515 = 966.31 keV
	 976keV Sigma  = 51.528 +/- 0.464827 = 51.7097 keV
	 FWHM @ 976keV = 12.5969 +/- 0.113634 % 
	 FWHM @ 1MeV   = 12.3828 +/- 0.111704 % 

 482keV peak fit 
	 482keV Mean   = 477.492 +/- 3.6071 = 479.175 keV
	 482keV Sigma  = 39.8515 +/- 4.99791 = 39.992 keV
	 FWHM @ 482keV = 19.6465 +/- 2.46393 % 
	 FWHM @ 1MeV   = 13.5998 +/- 1.7056 % 

 976keV Scint Quench and Pedestal Sigma Contribution 
	 Scint Quench  = -7.28382 bins = -7.3095 keV
	 New 976 Mean  = 962.914 bins = 966.31 keV
	 New 976 Sigma = 51.528 bins = 51.7097 keV
	 FWHM @ 976keV = 12.5969 +/- 0.113634 % 
	 FWHM @ 1MeV   = 12.3828 +/- 0.111704 % 

 482keV Scint Quench and Pedestal Sigma Contribution 
	 Scint Quench  = -7.28382 bins = -7.3095 keV
	 New 482 Mean  = 477.492 bins = 479.175 keV
	 New 482 Sigma = 39.8515 bins = 39.992 keV
	 FWHM @ 482keV = 19.6465 +/- 2.46393 % 
	 FWHM @ 1MeV   = 13.5998 +/- 1.7056 % 

 FIT RESULTS, chi2/ndf = 467.871 / 454 = 1.03055
======================================================================


 FCN=467.498 FROM MIGRAD    STATUS=CONVERGED     152 CALLS         153 TOTAL
                     EDM=1.35241e-09    STRATEGY= 1      ERROR MATRIX ACCURATE 
  EXT PARAMETER                                   STEP         FIRST   
  NO.   NAME      VALUE            ERROR          SIZE      DERIVATIVE 
   1  exp0         2.78992e+02     fixed    
   2  exp1         1.64304e-03     fixed    
   3  Cn500        4.49305e+02     fixed    
   4  Ce500        4.05878e+02     fixed    
   5  Cs500        1.89958e+01     fixed    
   6  Css500       3.40730e-03     fixed    
   7  CGn500       4.28693e+00     fixed    
   8  CGe500       4.46491e+02     fixed    
   9  CGs500       6.59466e+01     fixed    
  10  Cn1000       2.25736e+01     fixed    
  11  Ce1000       8.59091e+02     fixed    
  12  Cs1000       2.80027e+01     fixed    
  13  Css1000      4.31995e-03     fixed    
  14  CGn1000      3.14528e+01     fixed    
  15  CGe1000      9.24116e+02     fixed    
  16  CGs1000      7.92948e+01     fixed    
  17  Gn482        7.94518e+01   9.28217e+00   4.63449e-06   1.13751e-02
  18  Ge482        4.77510e+02   3.61397e+00   3.76740e-04  -1.20947e-03
  19  Gs482        3.99702e+01   4.92805e+00   3.02641e-03   6.03205e-05
  20  Gc482        9.96486e-01     fixed    
  21  Gn976        1.10115e+02   9.74340e-01   7.45864e-07  -2.12048e-01
  22  Ge976        9.62943e+02   4.56520e-01   2.36424e-05  -4.50205e-04
  23  Gs976        5.15773e+01   4.64673e-01   2.96906e-04   1.76974e-05
  24  Gc976        9.96486e-01     fixed    
  25  offset       1.33777e+02     fixed    


 FINAL FIT RESULTS
======================================================================
12.0pc_20x20x15cm_bi-6cm
	 Pedestal      = 
	 Beta File     = MCbeta
	 Gamma File    = MCgamma

 Energy Calibration from Ek976-Ek482 = 1.00347 keV/ch
	 Calib 976-482 = 0.996538
	 Calib 482 keV = 0.996538 +/- 0
	 Calib 976 keV = 0.996538 +/- 0

 976keV peak fit 
	 976keV Mean   = 962.943 +/- 0.45652 = 966.288 keV
	 976keV Sigma  = 51.5773 +/- 0.464673 = 51.7564 keV
	 FWHM @ 976keV = 12.6085 +/- 0.113593 % 
	 FWHM @ 1MeV   = 12.3942 +/- 0.111662 % 

 482keV peak fit 
	 482keV Mean   = 477.51 +/- 3.61397 = 479.168 keV
	 482keV Sigma  = 39.9702 +/- 4.92805 = 40.1091 keV
	 FWHM @ 482keV = 19.7043 +/- 2.4294 % 
	 FWHM @ 1MeV   = 13.6397 +/- 1.68168 % 

 976keV Scint Quench and Pedestal Sigma Contribution 
	 Scint Quench  = -7.26303 bins = -7.28826 keV
	 New 976 Mean  = 962.943 bins = 966.288 keV
	 New 976 Sigma = 51.5773 bins = 51.7564 keV
	 FWHM @ 976keV = 12.6085 +/- 0.113593 % 
	 FWHM @ 1MeV   = 12.3942 +/- 0.111662 % 

 482keV Scint Quench and Pedestal Sigma Contribution 
	 Scint Quench  = -7.26303 bins = -7.28826 keV
	 New 482 Mean  = 477.51 bins = 479.168 keV
	 New 482 Sigma = 39.9702 bins = 40.1091 keV
	 FWHM @ 482keV = 19.7043 +/- 2.4294 % 
	 FWHM @ 1MeV   = 13.6397 +/- 1.68168 % 

 FIT RESULTS, chi2/ndf = 467.498 / 453 = 1.032
======================================================================



-------------------------------------------------------------------------------------
USAGE ==> quickfit_976kev.cxx (hist_ptr, fit_min, fit_mid, fit_max, rebin, plot name)
-------------------------------------------------------------------------------------

 FCN=335.526 FROM MIGRAD    STATUS=CONVERGED      72 CALLS          73 TOTAL
                     EDM=2.71278e-12    STRATEGY= 1  ERROR MATRIX UNCERTAINTY   1.5 per cent
  EXT PARAMETER                                   STEP         FIRST   
  NO.   NAME      VALUE            ERROR          SIZE      DERIVATIVE 
   1  Constant     1.72997e+03   8.75674e+00  -2.75831e-04   9.16362e-09
   2  Mean         9.79003e+02   4.01069e-01  -1.97566e-05   3.00531e-06
   3  Sigma        6.89868e+01   3.80284e-01   2.30306e-07  -1.11467e-03
 FCN=104.073 FROM MIGRAD    STATUS=CONVERGED      82 CALLS          83 TOTAL
                     EDM=1.62768e-14    STRATEGY= 1  ERROR MATRIX UNCERTAINTY   2.1 per cent
  EXT PARAMETER                                   STEP         FIRST   
  NO.   NAME      VALUE            ERROR          SIZE      DERIVATIVE 
   1  Constant     1.79724e+03   1.13094e+01  -3.51284e-05  -2.66730e-08
   2  Mean         9.77088e+02   4.85987e-01   6.46940e-05  -1.53080e-07
   3  Sigma        6.29313e+01   8.49886e-01  -1.91294e-06  -5.09585e-05
 MINUIT WARNING IN PARAM DEF
 ============== LIMITS ON PARAM1 TOO FAR APART.
 FCN=185.782 FROM MIGRAD    STATUS=CONVERGED     146 CALLS         147 TOTAL
                     EDM=1.78109e-09    STRATEGY= 1      ERROR MATRIX ACCURATE 
  EXT PARAMETER                                   STEP         FIRST   
  NO.   NAME      VALUE            ERROR          SIZE      DERIVATIVE 
   1  Gn976        2.22649e+02   1.55462e+00   7.47594e-07  -5.32161e+00
   2  Ge976        9.63867e+02   3.66392e-01   1.49680e-06  -2.70253e-02
   3  Gs976        5.44466e+01   4.42588e-01   9.80493e-06   6.38587e-04
   4  Gc976        1.05176e+00     fixed    


	 Resolution    =  13.2746 % 
    	 Res @ 1MeV    =  12.7078 % 
	 976keV Energy =  916.43 keV 
	 Energy Loss   =  17 keV 


-----------------------------------------------------------------------------------
USAGE ==> quickfit_landau_976.cxx (hist_ptr, Ge976, Gs976, Eloss, rebin, plot name)
-----------------------------------------------------------------------------------
 FCN=4405.48 FROM MIGRAD    STATUS=CONVERGED     893 CALLS         894 TOTAL
                     EDM=1.84014e-10    STRATEGY= 1      ERR MATRIX NOT POS-DEF
  EXT PARAMETER                APPROXIMATE        STEP         FIRST   
  NO.   NAME      VALUE            ERROR          SIZE      DERIVATIVE 
   1  Gn976        2.26906e+02   1.26462e-02   7.44471e-07  -2.31406e+00
   2  Ge976        9.66151e+02   3.57401e-03   1.63615e-05   8.58204e-03
   3  Gs976        5.23169e+01   2.06354e-03   1.76437e-04  -9.07738e-03
   4  Gc976        1.03654e+00     fixed    
   5  Ln976        8.41341e-10   3.65257e-01   3.76454e-05** at limit **
   6  Eloss        1.70000e+01     fixed    
   7  Ls976        2.86846e+02   3.73991e+02   5.00000e-01   1.54614e-09
   8  offset       1.03726e+01   1.04624e-02   3.23579e-04  -9.32857e-03


	 Resolution    =  12.7252 % 
    	 Res @ 1MeV    =  12.2856 % 
	 976keV Energy =  932.095 keV 
	 Energy Loss   =  17 keV 


(Int_t)0
