
Processing BiESAT.cxx("7.0pc_20x20x15cm_bi-6cm",2)...
Looking in ==> ./DBtemp/ for config file ==> 7.0pc_20x20x15cm_bi-6cm.conf


 ===>  7.0pc_20x20x15cm_bi-6cm

	+++++++++++++++++++++++++++++++++++++++++++ 
	  USING FIT MODE  ==>  hi-resolution 
	  USING FIT MODE  ==>  thick scint 
	+++++++++++++++++++++++++++++++++++++++++++ 
	  Preliminary Calib    ==>  1.03041
	  Assumed Energy Loss  ==>  17
	+++++++++++++++++++++++++++++++++++++++++++ 



	 NO PEDESTAL FILE FOUND ==> using a vaule = 0


	 bins = 4000  hmin = 0  hmax = 4000
	 nbins = 4000  nhmin = 0  nhmax = 4000

	 bins = 4000  hmin = 0  hmax = 4000
	 nbins = 4000  nhmin = 0  nhmax = 4000


	++++++++++++++++++++++++++++++++++++++++++++++++++++++++++++++
	 looking for BETA max bin between 350 - 453 bins 
	 looking for BETA 500keV compton between 353 - 414 bins 
	 looking for GAMMA max bin between 350 - 453 bins 
	 looking for GAMMA 500keV compton between 359 - 420 bins 
	++++++++++++++++++++++++++++++++++++++++++++++++++++++++++++++


	 SHIFTING --> MCgamma --> -0.0282296 bins


===========================================================
Normalizing the Gamma and Beta histograms...

	 Integrate Gamma between  ==>  618.247 - 721.288
	 equals bin numbers       ==>  310 - 361
	 Area under gamma hist    ==>  67568

	 Integrate Beta between   ==>  618.247 - 721.288
	 equals bin numbers       ==>  310 - 361
	 Area under beta hist     ==>  69700

	 Gamma scale factor       ==>  1.03155 

===========================================================



	++++++++++++++++++++++++++++++++++++++++++++++++++++++++++++++
	 looking for 500keV compton between 370.948 - 432.773 bins 
	 looking for 500keV multi-compton between 412.165 - 556.422 bins 
	 looking for 1000keV compton between 721.288 - 1133.45 bins 
	 looking for 1000keV multi-compton between 803.721 - 875.85 bins 
	++++++++++++++++++++++++++++++++++++++++++++++++++++++++++++++




	==============================================================
	 Fitting the Gamma spectra for the 1-th time
	 Looking for the gamma ==> 803.721 - 947.979
	 Looking for the multi-comp bump ==> 886.154 - 1051.02
	==============================================================


 FCN=566.939 FROM MIGRAD    STATUS=CONVERGED    4997 CALLS        4998 TOTAL
                     EDM=2.29436e-07    STRATEGY= 1  ERROR MATRIX UNCERTAINTY   2.9 per cent
  EXT PARAMETER                                   STEP         FIRST   
  NO.   NAME      VALUE            ERROR          SIZE      DERIVATIVE 
   1  exp0         1.00226e+00   8.30111e+01  -0.00000e+00** at limit **
   2  exp1         8.27931e-04   8.27372e-04  -0.00000e+00  -2.99679e-01
   3  Cn500        4.03053e+02   3.52803e+01  -0.00000e+00  -1.08761e-01
   4  Ce500        4.03181e+02   4.89752e-01   0.00000e+00  -1.25309e-02
   5  Cs500        1.14951e+01   4.62625e-01   0.00000e+00   1.95326e-02
   6  Css500       4.25033e-03   3.85095e-04   0.00000e+00  -9.41294e-02
   7  CGn500       5.26195e+00   4.07838e-01   0.00000e+00  -2.87142e+00
   8  CGe500       4.48279e+02   1.58275e+00   0.00000e+00  -6.26100e-02
   9  CGs500       5.69787e+01   1.00804e+00  -0.00000e+00  -8.87457e-02
  10  Cn1000       5.77948e+01   4.98925e+00   0.00000e+00  -1.88446e-01
  11  Ce1000       8.68036e+02   1.10594e+00  -0.00000e+00   1.64846e-02
  12  Cs1000       1.51878e+01   5.51833e-01   0.00000e+00   3.28578e-03
  13  Css1000      3.17620e-03   1.38997e-04  -0.00000e+00  -2.70330e-01
  14  CGn1000      1.43258e+01   1.14986e+00  -0.00000e+00   1.32386e+00
  15  CGe1000      9.27515e+02   1.71644e+00   0.00000e+00   2.94790e-02
  16  CGs1000      6.79778e+01   1.01019e+00  -0.00000e+00   8.26386e-02
  17  Gn482        0.00000e+00     fixed    
  18  Ge482        1.00000e-02     fixed    
  19  Gs482        1.00000e-02     fixed    
  20  Gc482        1.00000e-02     fixed    
  21  Gn976        0.00000e+00     fixed    
  22  Ge976        1.00000e-02     fixed    
  23  Gs976        1.00000e-02     fixed    
  24  Gc976        1.00000e-02     fixed    
  25  offset       1.23478e+02   1.52526e+00  -0.00000e+00   6.79839e-04


++++++++++ COMPTON FIT RESULTS +++++++++++++
	 N500         = 403.053
	 N1000        = 57.7948
	 cedge500     = 403.181
	 cedge1000    = 868.036
	 csigma500    = 11.4951
	 csigma1000   = 15.1878
	 c2sigma500   = 0.00425033
	 c2sigma1000  = 0.0031762
	 Nratio500    = 5.26195
	 gausmean500  = 448.279
	 gaussig500   = 56.9787
	 Nratio1000   = 14.3258
	 gausmean1000 = 927.516
	 gaussig1000  = 67.9778
	 Calib        = 1.02811

++++++++++ ESTIMATED PARAMETERS ++++++++++++
	 Ek976        = 985.955
	 s976         = 62.9333
	 Ek482        = 478.07
	 s482         = 30.5151


 FCN=728.908 FROM MIGRAD    STATUS=CONVERGED    1245 CALLS        1246 TOTAL
                     EDM=9.87123e-09    STRATEGY= 1  ERROR MATRIX UNCERTAINTY   1.1 per cent
  EXT PARAMETER                                   STEP         FIRST   
  NO.   NAME      VALUE            ERROR          SIZE      DERIVATIVE 
   1  exp0         3.57724e-10   6.26394e-01   1.20718e-06** at limit **
   2  exp1         8.27931e-04     fixed    
   3  Cn500        3.82930e+02   1.75816e+00   2.88725e-07  -2.84853e-01
   4  Ce500        4.03181e+02     fixed    
   5  Cs500        1.14951e+01     fixed    
   6  Css500       4.25033e-03     fixed    
   7  CGn500       5.66752e+00   8.09990e-02  -4.03943e-05  -3.54826e-03
   8  CGe500       4.48279e+02     fixed    
   9  CGs500       5.69787e+01     fixed    
  10  Cn1000       5.77948e+01     fixed    
  11  Ce1000       8.68036e+02     fixed    
  12  Cs1000       1.51878e+01     fixed    
  13  Css1000      3.17620e-03     fixed    
  14  CGn1000      1.43258e+01     fixed    
  15  CGe1000      9.27516e+02     fixed    
  16  CGs1000      6.79778e+01     fixed    
  17  Gn482        1.27357e+02   1.61040e+01   5.61329e-07  -3.86111e-02
  18  Ge482        4.65523e+02   2.45156e+00   1.64639e-05  -1.05890e-03
  19  Gs482        2.39901e+01   1.61932e+00  -1.48453e-05  -1.54711e-03
  20  Gc482        8.66674e-01   5.83551e-02   4.01533e-06   3.10516e-04
  21  Gn976        1.78366e+02   1.62280e+00  -3.53315e-09   1.54829e+00
  22  Ge976        9.61984e+02   2.96896e-01  -7.83608e-07  -1.28627e-02
  23  Gs976        3.35727e+01   3.12131e-01  -1.53097e-06   9.63880e-03
  24  Gc976        9.85566e-01   7.83880e-03   4.99407e-06   2.05433e-03
  25  offset       1.57199e+02   1.46228e+00   3.78029e-06   3.12194e-03


 ROUGH FIT 1
======================================================================
7.0pc_20x20x15cm_bi-6cm
	 Pedestal      = 
	 Beta File     = MCbeta
	 Gamma File    = MCgamma

 Energy Calibration from Ek976-Ek482 = 1.00035 keV/ch
	 Calib 976-482 = 0.999649
	 Calib 482 keV = 0.999649 +/- 0.0583551
	 Calib 976 keV = 0.999649 +/- 0.0078388

 976keV peak fit 
	 976keV Mean   = 961.984 +/- 0.296896 = 962.322 keV
	 976keV Sigma  = 33.5727 +/- 0.312131 = 33.5845 keV
	 FWHM @ 976keV = 8.21533 +/- 0.0763792 % 
	 FWHM @ 1MeV   = 8.05908 +/- 0.0749265 % 

 482keV peak fit 
	 482keV Mean   = 465.523 +/- 2.45156 = 465.687 keV
	 482keV Sigma  = 23.9901 +/- 1.61932 = 23.9985 keV
	 FWHM @ 482keV = 12.131 +/- 0.818836 % 
	 FWHM @ 1MeV   = 8.27836 +/- 0.558784 % 

 976keV Scint Quench and Pedestal Sigma Contribution 
	 Scint Quench  = 0 bins = 0 keV
	 New 976 Mean  = 961.984 bins = 962.322 keV
	 New 976 Sigma = 33.5727 bins = 33.5845 keV
	 FWHM @ 976keV = 8.21533 +/- 0.0763792 % 
	 FWHM @ 1MeV   = 8.05908 +/- 0.0749265 % 

 482keV Scint Quench and Pedestal Sigma Contribution 
	 Scint Quench  = 0 bins = 0 keV
	 New 482 Mean  = 465.523 bins = 465.687 keV
	 New 482 Sigma = 23.9901 bins = 23.9985 keV
	 FWHM @ 482keV = 12.131 +/- 0.818836 % 
	 FWHM @ 1MeV   = 8.27836 +/- 0.558784 % 

 FIT RESULTS, chi2/ndf = 728.908 / 462 = 1.57772
======================================================================


 FCN=720.155 FROM MIGRAD    STATUS=CONVERGED     165 CALLS         166 TOTAL
                     EDM=4.05983e-10    STRATEGY= 1      ERROR MATRIX ACCURATE 
  EXT PARAMETER                                   STEP         FIRST   
  NO.   NAME      VALUE            ERROR          SIZE      DERIVATIVE 
   1  exp0         3.57724e-10     fixed    
   2  exp1         8.27931e-04     fixed    
   3  Cn500        3.82931e+02     fixed    
   4  Ce500        4.03181e+02     fixed    
   5  Cs500        1.14951e+01     fixed    
   6  Css500       4.25033e-03     fixed    
   7  CGn500       5.66752e+00     fixed    
   8  CGe500       4.48279e+02     fixed    
   9  CGs500       5.69787e+01     fixed    
  10  Cn1000       5.77948e+01     fixed    
  11  Ce1000       8.68036e+02     fixed    
  12  Cs1000       1.51878e+01     fixed    
  13  Css1000      3.17620e-03     fixed    
  14  CGn1000      1.43258e+01     fixed    
  15  CGe1000      9.27516e+02     fixed    
  16  CGs1000      6.79778e+01     fixed    
  17  Gn482        1.26326e+02   7.81303e+00   7.00611e-06  -1.07480e-02
  18  Ge482        4.65281e+02   1.99671e+00   2.77794e-04  -3.07602e-04
  19  Gs482        2.43900e+01   1.33779e+00   1.83519e-03   1.05229e-04
  20  Gc482        9.99649e-01     fixed    
  21  Gn976        1.79184e+02   1.55297e+00   7.44988e-07  -5.60966e-02
  22  Ge976        9.61833e+02   2.78988e-01   1.87069e-05   6.91687e-03
  23  Gs976        3.34359e+01   2.83743e-01   2.05848e-04   2.49398e-04
  24  Gc976        9.99649e-01     fixed    
  25  offset       1.57199e+02     fixed    


 ROUGH FIT 2
======================================================================
7.0pc_20x20x15cm_bi-6cm
	 Pedestal      = 
	 Beta File     = MCbeta
	 Gamma File    = MCgamma

 Energy Calibration from Ek976-Ek482 = 1.00062 keV/ch
	 Calib 976-482 = 0.999378
	 Calib 482 keV = 0.999378 +/- 0
	 Calib 976 keV = 0.999378 +/- 0

 976keV peak fit 
	 976keV Mean   = 961.833 +/- 0.278988 = 962.432 keV
	 976keV Sigma  = 33.4359 +/- 0.283743 = 33.4567 keV
	 FWHM @ 976keV = 8.18313 +/- 0.0694436 % 
	 FWHM @ 1MeV   = 8.02794 +/- 0.0681267 % 

 482keV peak fit 
	 482keV Mean   = 465.28 +/- 1.99671 = 465.57 keV
	 482keV Sigma  = 24.39 +/- 1.33779 = 24.4052 keV
	 FWHM @ 482keV = 12.3397 +/- 0.676829 % 
	 FWHM @ 1MeV   = 8.4197 +/- 0.461819 % 

 976keV Scint Quench and Pedestal Sigma Contribution 
	 Scint Quench  = -3.4297 bins = -3.43184 keV
	 New 976 Mean  = 961.833 bins = 962.432 keV
	 New 976 Sigma = 33.4359 bins = 33.4567 keV
	 FWHM @ 976keV = 8.18313 +/- 0.0694436 % 
	 FWHM @ 1MeV   = 8.02794 +/- 0.0681267 % 

 482keV Scint Quench and Pedestal Sigma Contribution 
	 Scint Quench  = -3.4297 bins = -3.43184 keV
	 New 482 Mean  = 465.28 bins = 465.57 keV
	 New 482 Sigma = 24.39 bins = 24.4052 keV
	 FWHM @ 482keV = 12.3397 +/- 0.676829 % 
	 FWHM @ 1MeV   = 8.4197 +/- 0.461819 % 

 FIT RESULTS, chi2/ndf = 720.155 / 455 = 1.58276
======================================================================


 FCN=719.998 FROM MIGRAD    STATUS=CONVERGED     134 CALLS         135 TOTAL
                     EDM=5.84754e-10    STRATEGY= 1      ERROR MATRIX ACCURATE 
  EXT PARAMETER                                   STEP         FIRST   
  NO.   NAME      VALUE            ERROR          SIZE      DERIVATIVE 
   1  exp0         3.57724e-10     fixed    
   2  exp1         8.27931e-04     fixed    
   3  Cn500        3.82931e+02     fixed    
   4  Ce500        4.03181e+02     fixed    
   5  Cs500        1.14951e+01     fixed    
   6  Css500       4.25033e-03     fixed    
   7  CGn500       5.66752e+00     fixed    
   8  CGe500       4.48279e+02     fixed    
   9  CGs500       5.69787e+01     fixed    
  10  Cn1000       5.77948e+01     fixed    
  11  Ce1000       8.68036e+02     fixed    
  12  Cs1000       1.51878e+01     fixed    
  13  Css1000      3.17620e-03     fixed    
  14  CGn1000      1.43258e+01     fixed    
  15  CGe1000      9.27516e+02     fixed    
  16  CGs1000      6.79778e+01     fixed    
  17  Gn482        1.26331e+02   7.81651e+00   7.00527e-06   4.73150e-03
  18  Ge482        4.65282e+02   1.99675e+00   2.77910e-04   7.02138e-04
  19  Gs482        2.43890e+01   1.32875e+00   2.77734e-03  -1.56285e-05
  20  Gc482        9.99378e-01     fixed    
  21  Gn976        1.79170e+02   1.55330e+00   7.44989e-07   7.11499e-01
  22  Ge976        9.61836e+02   2.79003e-01   1.87088e-05  -4.55726e-03
  23  Gs976        3.34382e+01   2.83826e-01   3.28796e-04   1.04612e-03
  24  Gc976        9.99378e-01     fixed    
  25  offset       1.57199e+02     fixed    


 FINAL FIT RESULTS
======================================================================
7.0pc_20x20x15cm_bi-6cm
	 Pedestal      = 
	 Beta File     = MCbeta
	 Gamma File    = MCgamma

 Energy Calibration from Ek976-Ek482 = 1.00062 keV/ch
	 Calib 976-482 = 0.999383
	 Calib 482 keV = 0.999383 +/- 0
	 Calib 976 keV = 0.999383 +/- 0

 976keV peak fit 
	 976keV Mean   = 961.836 +/- 0.279003 = 962.43 keV
	 976keV Sigma  = 33.4382 +/- 0.283826 = 33.4589 keV
	 FWHM @ 976keV = 8.18368 +/- 0.0694636 % 
	 FWHM @ 1MeV   = 8.02848 +/- 0.0681462 % 

 482keV peak fit 
	 482keV Mean   = 465.282 +/- 1.99675 = 465.569 keV
	 482keV Sigma  = 24.389 +/- 1.32875 = 24.4041 keV
	 FWHM @ 482keV = 12.3392 +/- 0.672253 % 
	 FWHM @ 1MeV   = 8.41933 +/- 0.458695 % 

 976keV Scint Quench and Pedestal Sigma Contribution 
	 Scint Quench  = -3.42755 bins = -3.42966 keV
	 New 976 Mean  = 961.836 bins = 962.43 keV
	 New 976 Sigma = 33.4382 bins = 33.4589 keV
	 FWHM @ 976keV = 8.18368 +/- 0.0694636 % 
	 FWHM @ 1MeV   = 8.02848 +/- 0.0681462 % 

 482keV Scint Quench and Pedestal Sigma Contribution 
	 Scint Quench  = -3.42755 bins = -3.42966 keV
	 New 482 Mean  = 465.282 bins = 465.569 keV
	 New 482 Sigma = 24.389 bins = 24.4041 keV
	 FWHM @ 482keV = 12.3392 +/- 0.672253 % 
	 FWHM @ 1MeV   = 8.41933 +/- 0.458695 % 

 FIT RESULTS, chi2/ndf = 719.998 / 455 = 1.58241
======================================================================



-------------------------------------------------------------------------------------
USAGE ==> quickfit_976kev.cxx (hist_ptr, fit_min, fit_mid, fit_max, rebin, plot name)
-------------------------------------------------------------------------------------

 FCN=1102.59 FROM MIGRAD    STATUS=CONVERGED      74 CALLS          75 TOTAL
                     EDM=1.97826e-11    STRATEGY= 1  ERROR MATRIX UNCERTAINTY   1.9 per cent
  EXT PARAMETER                                   STEP         FIRST   
  NO.   NAME      VALUE            ERROR          SIZE      DERIVATIVE 
   1  Constant     2.28457e+03   1.11635e+01  -1.48650e-03  -7.10085e-07
   2  Mean         9.71004e+02   3.98709e-01  -2.32259e-04   5.40358e-06
   3  Sigma        5.86276e+01   3.54403e-01   1.78726e-06   4.70538e-04
 FCN=290.438 FROM MIGRAD    STATUS=CONVERGED      74 CALLS          75 TOTAL
                     EDM=3.81585e-14    STRATEGY= 1  ERROR MATRIX UNCERTAINTY   1.2 per cent
  EXT PARAMETER                                   STEP         FIRST   
  NO.   NAME      VALUE            ERROR          SIZE      DERIVATIVE 
   1  Constant     2.56571e+03   1.52478e+01   3.29308e-03   2.57285e-08
   2  Mean         9.69061e+02   2.59370e-01   3.71456e-06  -7.64265e-07
   3  Sigma        4.26378e+01   3.73664e-01  -7.64172e-07   1.24630e-04
 MINUIT WARNING IN PARAM DEF
 ============== LIMITS ON PARAM1 TOO FAR APART.
 FCN=201.736 FROM MIGRAD    STATUS=CONVERGED     163 CALLS         164 TOTAL
                     EDM=7.66063e-12    STRATEGY= 1  ERROR MATRIX UNCERTAINTY   2.6 per cent
  EXT PARAMETER                                   STEP         FIRST   
  NO.   NAME      VALUE            ERROR          SIZE      DERIVATIVE 
   1  Normal       3.19371e+04   1.40468e+02  -7.35842e-09  -1.70391e-02
   2  EnergyK      9.62301e+02   2.46941e-01   4.36859e-09   6.45187e-03
   3  SigmaK       3.47982e+01   2.98174e-01   8.98057e-08   1.06519e-03
   4  Calib        1.03987e+00   5.66048e-03  -3.23046e-07  -7.93068e-04


	 Resolution    =  8.49794 % 
	 976keV Energy =  925.405 keV 
	 Energy Loss   =  17 keV 


-----------------------------------------------------------------------------------
USAGE ==> quickfit_landau_976.cxx (hist_ptr, Ge976, Gs976, Eloss, rebin, plot name)
-----------------------------------------------------------------------------------
 FCN=3551.86 FROM MIGRAD    STATUS=CONVERGED     361 CALLS         362 TOTAL
                     EDM=1.48003e-09    STRATEGY= 1  ERROR MATRIX UNCERTAINTY   0.0 per cent
  EXT PARAMETER                                   STEP         FIRST   
  NO.   NAME      VALUE            ERROR          SIZE      DERIVATIVE 
   1  Gn976        3.78849e+02   1.98481e+00  -4.42377e-09   2.88246e+00
   2  Ge976        9.63261e+02   1.81879e-01  -7.98418e-08  -6.71520e-02
   3  Gs976        3.27106e+01   1.42359e-01  -3.58569e-06   1.02743e-02
   4  Gc976        1.00296e+00     fixed    
   5  Ln976        1.50701e+00   9.64383e+06   3.24854e-06** at limit **
   6  Eloss        1.70000e+01     fixed    
   7  Ls976        6.25535e-05   3.99310e-01  -4.84758e-07** at limit **
   8  offset       9.05046e+00   1.16717e+00  -2.60097e-06   1.75052e-03


	 Resolution    =  7.98017 % 
	 976keV Energy =  960.421 keV 
	 Energy Loss   =  17 keV 


(Int_t)0
